INFO: Found elm at /Users/scottcorgan/.npm-global/bin/elm
INFO: Found elm 0.19.0
INFO: Found elm-format at /Users/scottcorgan/.npm-global/bin/elm-format
INFO: Found elm-format 0.8.0
INFO: Cleaning ./elm-stuff before upgrading
INFO: Converting elm-package.json -> elm.json
INFO: Detected a package project (this project has exposed modules)
INFO: Detected 'BSD3' license, which is not a valid SPDX license identifier; converting to 'BSD-3-Clause'
INFO: Switching from elm-lang/core (deprecated) to elm/core
INFO: Installing latest version of elm/core
INFO: Switching from elm-lang/html (deprecated) to elm/html
INFO: Installing latest version of elm/html
INFO: Switching from ohanhi/keyboard-extra (deprecated) to ohanhi/keyboard
INFO: Installing latest version of ohanhi/keyboard
INFO: Upgrading *.elm files in ./src/


SUCCESS! Your project's dependencies and code have been upgraded.
However, your project may not yet compile due to API changes in your
dependencies.

See <https://github.com/elm/compiler/blob/master/upgrade-docs/0.19.md>
and the documentation for your dependencies for more information.

